<?xml version="1.0" encoding="UTF-8"?>
<testng-results skipped="0" failed="0" ignored="0" total="1" passed="1">
  <reporter-output>
  </reporter-output>
  <suite name="Default suite" duration-ms="22947" started-at="2019-01-21T06:12:59Z" finished-at="2019-01-21T06:13:22Z">
    <groups>
    </groups>
    <test name="Default test" duration-ms="22947" started-at="2019-01-21T06:12:59Z" finished-at="2019-01-21T06:13:22Z">
      <class name="JavaTest.Pass">
        <test-method status="PASS" signature="loginsetup()[pri:0, instance:JavaTest.Pass@d8355a8]" name="loginsetup" is-config="true" duration-ms="6794" started-at="2019-01-21T06:12:59Z" finished-at="2019-01-21T06:13:06Z">
          <reporter-output>
          </reporter-output>
        </test-method> <!-- loginsetup -->
        <test-method status="PASS" signature="test()[pri:0, instance:JavaTest.Pass@d8355a8]" name="test" duration-ms="15354" started-at="2019-01-21T06:13:06Z" finished-at="2019-01-21T06:13:21Z">
          <reporter-output>
          </reporter-output>
        </test-method> <!-- test -->
        <test-method status="PASS" signature="aftertest()[pri:0, instance:JavaTest.Pass@d8355a8]" name="aftertest" is-config="true" duration-ms="788" started-at="2019-01-21T06:13:21Z" finished-at="2019-01-21T06:13:22Z">
          <reporter-output>
          </reporter-output>
        </test-method> <!-- aftertest -->
      </class> <!-- JavaTest.Pass -->
    </test> <!-- Default test -->
  </suite> <!-- Default suite -->
</testng-results>
